commit b8bccd7407d63ca3bd48687568d666a69845ef5d
Author: Jørgen Skogmo <js@base.io>
Date:   Wed Sep 14 21:37:59 2016 +0200

    0.8.18

diff --git a/package.json b/package.json
index 2c8a4a5..64045d9 100644
--- a/package.json
+++ b/package.json
@@ -1,6 +1,6 @@
 {
   "name": "who-tobaccoplaybook",
-  "version": "0.8.17",
+  "version": "0.8.18",
   "description": "static site generator",
   "main": "index.js",
   "scripts": {

commit cd6aadcf01f7aff8eed94d5fb8b6e21ec19873c9
Author: Jørgen Skogmo <js@base.io>
Date:   Wed Sep 14 21:37:55 2016 +0200

    160914 21:37 update

diff --git a/CHANGELOG.md b/CHANGELOG.md
index c9ac561..4c35667 100644
--- a/CHANGELOG.md
+++ b/CHANGELOG.md
@@ -4,6 +4,12 @@ All notable changes to this project will be documented in this file.
 The format is based on [Keep a Changelog](http://keepachangelog.com/) 
 and this project adheres to [Semantic Versioning](http://semver.org/).
 
+
+
+## [0.8.0] - 2016-09-10
+
+Beta release
+
 ## [0.0.5] - 2016-09-02
 
 First public release at https://tobaccoplaybook.net
diff --git a/_site b/_site
index b0d822c..d469440 160000
--- a/_site
+++ b/_site
@@ -1 +1 @@
-Subproject commit b0d822cb1e0925f59e85369b91e7dfe53330690e
+Subproject commit d469440476dd535c57cdef2ee92d5c3ffbc22fab
diff --git a/build/en/001-comprehensive-smokefree-legislation.html b/build/en/001-comprehensive-smokefree-legislation.html
index 69fa6db..acffae8 100644
--- a/build/en/001-comprehensive-smokefree-legislation.html
+++ b/build/en/001-comprehensive-smokefree-legislation.html
@@ -2,7 +2,7 @@
 <html lang="en">
 <head>
 	<meta charset="utf-8"/>
-	<meta name="system-version" content="0.8.15"/>
+	<meta name="system-version" content="0.8.17"/>
 
 	<title>Tobacco Control Playbook: Comprehensive smokefree legislation is essential in protecting the health of others</title>
 	<meta property="og:title" content="Tobacco Control Playbook: Comprehensive smokefree legislation is essential in protecting the health of others" />
@@ -307,7 +307,7 @@
 	<a name="history"></a>
 
 	<div id="history">
-		Modified on September 14th, 2016. See <a target="_blank" href="https://github.com/tobaccoplaybook/site/commit/4a4a9d592774430425733d8034dbff7191fefe7b#diff-ec6f50b671d19b778b21ed54b3648697">History</a> and <a target="_blank" href="https://github.com/tobaccoplaybook/site/commits/master/content/en/arguments/001-Comprehensive_smokefree_legislation_is_essential_in_protecting_the_health_of_others.md">Revisions</a>
+		Initial version
 	</div>
 	<!-- End history -->
 
diff --git a/build/en/002-packaging.html b/build/en/002-packaging.html
index 6365878..f8d6239 100644
--- a/build/en/002-packaging.html
+++ b/build/en/002-packaging.html
@@ -2,7 +2,7 @@
 <html lang="en">
 <head>
 	<meta charset="utf-8"/>
-	<meta name="system-version" content="0.8.15"/>
+	<meta name="system-version" content="0.8.17"/>
 
 	<title>Tobacco Control Playbook: Large pictorial pack warnings and plain packaging work</title>
 	<meta property="og:title" content="Tobacco Control Playbook: Large pictorial pack warnings and plain packaging work" />
@@ -288,7 +288,7 @@
 	<a name="history"></a>
 
 	<div id="history">
-		Modified on September 14th, 2016. See <a target="_blank" href="https://github.com/tobaccoplaybook/site/commit/4a4a9d592774430425733d8034dbff7191fefe7b#diff-ec6f50b671d19b778b21ed54b3648697">History</a> and <a target="_blank" href="https://github.com/tobaccoplaybook/site/commits/master/content/en/arguments/002-Large_pictorial_pack_warnings_and_plain_packaging_work.md">Revisions</a>
+		Initial version
 	</div>
 	<!-- End history -->
 
diff --git a/build/en/003-smokefree-legislation.html b/build/en/003-smokefree-legislation.html
index fac7379..b51fcc9 100644
--- a/build/en/003-smokefree-legislation.html
+++ b/build/en/003-smokefree-legislation.html
@@ -2,7 +2,7 @@
 <html lang="en">
 <head>
 	<meta charset="utf-8"/>
-	<meta name="system-version" content="0.8.15"/>
+	<meta name="system-version" content="0.8.17"/>
 
 	<title>Tobacco Control Playbook: Smokefree legislation does not harm the hospitality industry</title>
 	<meta property="og:title" content="Tobacco Control Playbook: Smokefree legislation does not harm the hospitality industry" />
@@ -268,7 +268,7 @@
 	<a name="history"></a>
 
 	<div id="history">
-		Modified on September 14th, 2016. See <a target="_blank" href="https://github.com/tobaccoplaybook/site/commit/4a4a9d592774430425733d8034dbff7191fefe7b#diff-ec6f50b671d19b778b21ed54b3648697">History</a> and <a target="_blank" href="https://github.com/tobaccoplaybook/site/commits/master/content/en/arguments/003-Smokefree_legislation_does_not_harm_the_hospitality_industry.md">Revisions</a>
+		Initial version
 	</div>
 	<!-- End history -->
 
diff --git a/build/en/004-marketing.html b/build/en/004-marketing.html
index 0047204..c4ec318 100644
--- a/build/en/004-marketing.html
+++ b/build/en/004-marketing.html
@@ -2,7 +2,7 @@
 <html lang="en">
 <head>
 	<meta charset="utf-8"/>
-	<meta name="system-version" content="0.8.15"/>
+	<meta name="system-version" content="0.8.17"/>
 
 	<title>Tobacco Control Playbook: Tobacco marketing is targeted at children and young people</title>
 	<meta property="og:title" content="Tobacco Control Playbook: Tobacco marketing is targeted at children and young people" />
@@ -300,7 +300,7 @@ As the force from the psychological symbolism subsides, the pharmacological effe
 	<a name="history"></a>
 
 	<div id="history">
-		Modified on September 14th, 2016. See <a target="_blank" href="https://github.com/tobaccoplaybook/site/commit/4a4a9d592774430425733d8034dbff7191fefe7b#diff-ec6f50b671d19b778b21ed54b3648697">History</a> and <a target="_blank" href="https://github.com/tobaccoplaybook/site/commits/master/content/en/arguments/004-Tobacco_marketing_is_targeted_at_children_and_young_people.md">Revisions</a>
+		Initial version
 	</div>
 	<!-- End history -->
 
diff --git a/build/en/005-illicit-trade.html b/build/en/005-illicit-trade.html
index 34b2790..634b37c 100644
--- a/build/en/005-illicit-trade.html
+++ b/build/en/005-illicit-trade.html
@@ -2,7 +2,7 @@
 <html lang="en">
 <head>
 	<meta charset="utf-8"/>
-	<meta name="system-version" content="0.8.15"/>
+	<meta name="system-version" content="0.8.17"/>
 
 	<title>Tobacco Control Playbook: Tobacco taxation does not result in illicit trade</title>
 	<meta property="og:title" content="Tobacco Control Playbook: Tobacco taxation does not result in illicit trade" />
@@ -279,7 +279,7 @@
 	<a name="history"></a>
 
 	<div id="history">
-		Modified on September 14th, 2016. See <a target="_blank" href="https://github.com/tobaccoplaybook/site/commit/4a4a9d592774430425733d8034dbff7191fefe7b#diff-ec6f50b671d19b778b21ed54b3648697">History</a> and <a target="_blank" href="https://github.com/tobaccoplaybook/site/commits/master/content/en/arguments/005-Tobacco_taxation_does_not_result_in_illicit_trade.md">Revisions</a>
+		Initial version
 	</div>
 	<!-- End history -->
 
diff --git a/build/en/006-taxation.html b/build/en/006-taxation.html
index 69167a8..a8989fb 100644
--- a/build/en/006-taxation.html
+++ b/build/en/006-taxation.html
@@ -2,7 +2,7 @@
 <html lang="en">
 <head>
 	<meta charset="utf-8"/>
-	<meta name="system-version" content="0.8.15"/>
+	<meta name="system-version" content="0.8.17"/>
 
 	<title>Tobacco Control Playbook: Tobacco taxation is one of the most cost-effective health interventions: government revenues increase while smoking rates fall</title>
 	<meta property="og:title" content="Tobacco Control Playbook: Tobacco taxation is one of the most cost-effective health interventions: government revenues increase while smoking rates fall" />
@@ -283,7 +283,7 @@
 	<a name="history"></a>
 
 	<div id="history">
-		Modified on September 14th, 2016. See <a target="_blank" href="https://github.com/tobaccoplaybook/site/commit/4a4a9d592774430425733d8034dbff7191fefe7b#diff-ec6f50b671d19b778b21ed54b3648697">History</a> and <a target="_blank" href="https://github.com/tobaccoplaybook/site/commits/master/content/en/arguments/006-Tobacco_taxation_is_one_of_the_most_cost-effective_health_interventions-_government_revenues_increase_while_smoking_rates_fall.md">Revisions</a>
+		Initial version
 	</div>
 	<!-- End history -->
 
diff --git a/build/en/007-regulatory-space.html b/build/en/007-regulatory-space.html
index 164f27c..16c4205 100644
--- a/build/en/007-regulatory-space.html
+++ b/build/en/007-regulatory-space.html
@@ -2,7 +2,7 @@
 <html lang="en">
 <head>
 	<meta charset="utf-8"/>
-	<meta name="system-version" content="0.8.15"/>
+	<meta name="system-version" content="0.8.17"/>
 
 	<title>Tobacco Control Playbook: WTO law provides regulatory space for tobacco control measures</title>
 	<meta property="og:title" content="Tobacco Control Playbook: WTO law provides regulatory space for tobacco control measures" />
diff --git a/build/en/008-commercial-rights.html b/build/en/008-commercial-rights.html
index b174514..f139042 100644
--- a/build/en/008-commercial-rights.html
+++ b/build/en/008-commercial-rights.html
@@ -2,7 +2,7 @@
 <html lang="en">
 <head>
 	<meta charset="utf-8"/>
-	<meta name="system-version" content="0.8.15"/>
+	<meta name="system-version" content="0.8.17"/>
 
 	<title>Tobacco Control Playbook: Governments can enact tobacco control public health measures without infringing the tobacco industry’s commercial rights</title>
 	<meta property="og:title" content="Tobacco Control Playbook: Governments can enact tobacco control public health measures without infringing the tobacco industry’s commercial rights" />
diff --git a/build/en/about.html b/build/en/about.html
index efcb2c7..049f1f1 100644
--- a/build/en/about.html
+++ b/build/en/about.html
@@ -2,7 +2,7 @@
 <html lang="">
 <head>
 	<meta charset="utf-8"/>
-	<meta name="system-version" content="0.8.15"/>
+	<meta name="system-version" content="0.8.17"/>
 
 	<title>Tobacco Control Playbook: Tobacco Control Playbook</title>
 	<meta property="og:title" content="Tobacco Control Playbook: Tobacco Control Playbook" />
diff --git a/build/en/feed.xml b/build/en/feed.xml
index 647d677..13c4e1e 100644
--- a/build/en/feed.xml
+++ b/build/en/feed.xml
@@ -4,7 +4,7 @@
         <description><![CDATA[The tobacco playbook of arguments illustrates how the industry players act to oppose tobacco control measures and how governments and the public health community can respond to their arguments.]]></description>
         <link>https://tobaccoplaybook.net/en/index.html</link>
         <generator>RSS for Node</generator>
-        <lastBuildDate>Wed, 14 Sep 2016 18:50:33 GMT</lastBuildDate>
+        <lastBuildDate>Wed, 14 Sep 2016 19:37:44 GMT</lastBuildDate>
         <atom:link href="https://tobaccoplaybook.net/en/feed.xml" rel="self" type="application/rss+xml"/>
         <copyright><![CDATA[WHO Regional Office for Europe]]></copyright>
         <language><![CDATA[en]]></language>
diff --git a/build/en/index.html b/build/en/index.html
index d5b21e2..347b28e 100644
--- a/build/en/index.html
+++ b/build/en/index.html
@@ -2,7 +2,7 @@
 <html lang="en">
 <head>
 	<meta charset="utf-8"/>
-	<meta name="system-version" content="0.8.15"/>
+	<meta name="system-version" content="0.8.17"/>
 
 	<title>Tobacco Control Playbook: Index</title>
 	<meta property="og:title" content="Tobacco Control Playbook: Index" />
diff --git a/build/en/introduction.html b/build/en/introduction.html
index a825063..07045a5 100644
--- a/build/en/introduction.html
+++ b/build/en/introduction.html
@@ -2,7 +2,7 @@
 <html lang="">
 <head>
 	<meta charset="utf-8"/>
-	<meta name="system-version" content="0.8.15"/>
+	<meta name="system-version" content="0.8.17"/>
 
 	<title>Tobacco Control Playbook: Tobacco Control Playbook</title>
 	<meta property="og:title" content="Tobacco Control Playbook: Tobacco Control Playbook" />
diff --git a/build/ru/001-comprehensive-smokefree-legislation.html b/build/ru/001-comprehensive-smokefree-legislation.html
index 0afc769..1f9bbf1 100644
--- a/build/ru/001-comprehensive-smokefree-legislation.html
+++ b/build/ru/001-comprehensive-smokefree-legislation.html
@@ -2,7 +2,7 @@
 <html lang="ru">
 <head>
 	<meta charset="utf-8"/>
-	<meta name="system-version" content="0.8.15"/>
+	<meta name="system-version" content="0.8.17"/>
 
 	<title>Tobacco Control Playbook: Комплексное законодательство о запрете курения в общественных местах имеет важнейшее значение для защиты здоровья некурящих людей </title>
 	<meta property="og:title" content="Tobacco Control Playbook: Комплексное законодательство о запрете курения в общественных местах имеет важнейшее значение для защиты здоровья некурящих людей " />
diff --git a/build/ru/002-packaging.html b/build/ru/002-packaging.html
index 6f96520..8ffcae2 100644
--- a/build/ru/002-packaging.html
+++ b/build/ru/002-packaging.html
@@ -2,7 +2,7 @@
 <html lang="ru">
 <head>
 	<meta charset="utf-8"/>
-	<meta name="system-version" content="0.8.15"/>
+	<meta name="system-version" content="0.8.17"/>
 
 	<title>Tobacco Control Playbook: Использование крупных иллюстрированных предупреждений о вреде табака и введение в оборот простой упаковки сигарет – это эффективный метод борьбы с курением</title>
 	<meta property="og:title" content="Tobacco Control Playbook: Использование крупных иллюстрированных предупреждений о вреде табака и введение в оборот простой упаковки сигарет – это эффективный метод борьбы с курением" />
diff --git a/build/ru/003-smokefree-legislation.html b/build/ru/003-smokefree-legislation.html
index 22e6342..9c3b1c1 100644
--- a/build/ru/003-smokefree-legislation.html
+++ b/build/ru/003-smokefree-legislation.html
@@ -2,7 +2,7 @@
 <html lang="ru">
 <head>
 	<meta charset="utf-8"/>
-	<meta name="system-version" content="0.8.15"/>
+	<meta name="system-version" content="0.8.17"/>
 
 	<title>Tobacco Control Playbook: Законы о запрете курения в общественных местах не вредят гостинично-ресторанному бизнесу</title>
 	<meta property="og:title" content="Tobacco Control Playbook: Законы о запрете курения в общественных местах не вредят гостинично-ресторанному бизнесу" />
diff --git a/build/ru/004-marketing.html b/build/ru/004-marketing.html
index c489858..e53c55a 100644
--- a/build/ru/004-marketing.html
+++ b/build/ru/004-marketing.html
@@ -2,7 +2,7 @@
 <html lang="ru">
 <head>
 	<meta charset="utf-8"/>
-	<meta name="system-version" content="0.8.15"/>
+	<meta name="system-version" content="0.8.17"/>
 
 	<title>Tobacco Control Playbook: Маркетинг табачных изделий, направленный на детей и молодежь</title>
 	<meta property="og:title" content="Tobacco Control Playbook: Маркетинг табачных изделий, направленный на детей и молодежь" />
diff --git a/build/ru/005-illicit-trade.html b/build/ru/005-illicit-trade.html
index 1d28415..4cc72f9 100644
--- a/build/ru/005-illicit-trade.html
+++ b/build/ru/005-illicit-trade.html
@@ -2,7 +2,7 @@
 <html lang="ru">
 <head>
 	<meta charset="utf-8"/>
-	<meta name="system-version" content="0.8.15"/>
+	<meta name="system-version" content="0.8.17"/>
 
 	<title>Tobacco Control Playbook: Налогообложение табачных изделий не приводит к незаконной торговле табаком</title>
 	<meta property="og:title" content="Tobacco Control Playbook: Налогообложение табачных изделий не приводит к незаконной торговле табаком" />
diff --git a/build/ru/006-taxation.html b/build/ru/006-taxation.html
index 38eac0a..b9a4d01 100644
--- a/build/ru/006-taxation.html
+++ b/build/ru/006-taxation.html
@@ -2,7 +2,7 @@
 <html lang="ru">
 <head>
 	<meta charset="utf-8"/>
-	<meta name="system-version" content="0.8.15"/>
+	<meta name="system-version" content="0.8.17"/>
 
 	<title>Tobacco Control Playbook: Налогообложение табачных изделий – это одна из наиболее экономически эффективных мер в области здравоохранения, так как оно позволяет сократить распространенность курения и одновременно повысить государственные доходы</title>
 	<meta property="og:title" content="Tobacco Control Playbook: Налогообложение табачных изделий – это одна из наиболее экономически эффективных мер в области здравоохранения, так как оно позволяет сократить распространенность курения и одновременно повысить государственные доходы" />
diff --git a/build/ru/007-regulatory-space.html b/build/ru/007-regulatory-space.html
index 1f9f74b..49c6b3c 100644
--- a/build/ru/007-regulatory-space.html
+++ b/build/ru/007-regulatory-space.html
@@ -2,7 +2,7 @@
 <html lang="ru">
 <head>
 	<meta charset="utf-8"/>
-	<meta name="system-version" content="0.8.15"/>
+	<meta name="system-version" content="0.8.17"/>
 
 	<title>Tobacco Control Playbook: Законы ВТО – это нормативная основа для мер борьбы против табака</title>
 	<meta property="og:title" content="Tobacco Control Playbook: Законы ВТО – это нормативная основа для мер борьбы против табака" />
diff --git a/build/ru/008-commercial-rights.html b/build/ru/008-commercial-rights.html
index d7b782d..3b937b4 100644
--- a/build/ru/008-commercial-rights.html
+++ b/build/ru/008-commercial-rights.html
@@ -2,7 +2,7 @@
 <html lang="ru">
 <head>
 	<meta charset="utf-8"/>
-	<meta name="system-version" content="0.8.15"/>
+	<meta name="system-version" content="0.8.17"/>
 
 	<title>Tobacco Control Playbook: Антитабачные меры правительств с целью охраны здоровья населения могут осуществляться без ущемления коммерческих прав табачной промышленности</title>
 	<meta property="og:title" content="Tobacco Control Playbook: Антитабачные меры правительств с целью охраны здоровья населения могут осуществляться без ущемления коммерческих прав табачной промышленности" />
diff --git a/build/ru/about.html b/build/ru/about.html
index 003d9cf..ede62bf 100644
--- a/build/ru/about.html
+++ b/build/ru/about.html
@@ -2,7 +2,7 @@
 <html lang="">
 <head>
 	<meta charset="utf-8"/>
-	<meta name="system-version" content="0.8.15"/>
+	<meta name="system-version" content="0.8.17"/>
 
 	<title>Tobacco Control Playbook: Сборник аргументов</title>
 	<meta property="og:title" content="Tobacco Control Playbook: Сборник аргументов" />
diff --git a/build/ru/feed.xml b/build/ru/feed.xml
index 339fe7a..081faa7 100644
--- a/build/ru/feed.xml
+++ b/build/ru/feed.xml
@@ -4,7 +4,7 @@
         <description><![CDATA[Сборник аргументов демонстрирует аргументы, используемые табачными компаниями, и как именно правительства и защитники общественного здоровья могут ответить на них.]]></description>
         <link>https://tobaccoplaybook.net/ru/index.html</link>
         <generator>RSS for Node</generator>
-        <lastBuildDate>Wed, 14 Sep 2016 18:50:33 GMT</lastBuildDate>
+        <lastBuildDate>Wed, 14 Sep 2016 19:37:44 GMT</lastBuildDate>
         <atom:link href="https://tobaccoplaybook.net/ru/feed.xml" rel="self" type="application/rss+xml"/>
         <copyright><![CDATA[Европейское региональное бюро ВОЗ]]></copyright>
         <language><![CDATA[ru]]></language>
diff --git a/build/ru/index.html b/build/ru/index.html
index 72f34c0..0851711 100644
--- a/build/ru/index.html
+++ b/build/ru/index.html
@@ -2,7 +2,7 @@
 <html lang="ru">
 <head>
 	<meta charset="utf-8"/>
-	<meta name="system-version" content="0.8.15"/>
+	<meta name="system-version" content="0.8.17"/>
 
 	<title>Tobacco Control Playbook: Index</title>
 	<meta property="og:title" content="Tobacco Control Playbook: Index" />
diff --git a/build/ru/introduction.html b/build/ru/introduction.html
index 22d9305..accba51 100644
--- a/build/ru/introduction.html
+++ b/build/ru/introduction.html
@@ -2,7 +2,7 @@
 <html lang="">
 <head>
 	<meta charset="utf-8"/>
-	<meta name="system-version" content="0.8.15"/>
+	<meta name="system-version" content="0.8.17"/>
 
 	<title>Tobacco Control Playbook: Сборник аргументов</title>
 	<meta property="og:title" content="Tobacco Control Playbook: Сборник аргументов" />
diff --git a/src/build.js b/src/build.js
index 9bfd7c7..9ec9400 100644
--- a/src/build.js
+++ b/src/build.js
@@ -61,8 +61,7 @@ module.exports.run = function(cb){
 		}
 
 		/// arguments
-		glob.sync( SRC + language + "/arguments/*.md", {} ).map( function(itm){
-			var filename = SRC + itm.split(SRC)[1];
+		glob.sync( SRC + language + "/arguments/*.md", {} ).map( function(filename){
 			var doc = content_builder.article(filename, language, config);
 			if( doc !== false ){
 				content[language] = content[language] || [];
